12/10/2015 10:21:51 AM	This log contains information about the import schema operation into project 'EmployeeDB' on computer 'INHYDSGUNDAPU1' by user 'sgundapu'.
12/10/2015 10:21:52 AM	Import of database schema has started.
12/10/2015 10:21:55 AM	Gathering database options
12/10/2015 10:21:55 AM	Gathering users
12/10/2015 10:21:55 AM	Gathering roles
12/10/2015 10:21:55 AM	Gathering application roles
12/10/2015 10:21:55 AM	Gathering role memberships
12/10/2015 10:21:55 AM	Gathering filegroups
12/10/2015 10:21:55 AM	Gathering full-text catalogs
12/10/2015 10:21:55 AM	Gathering assemblies
12/10/2015 10:21:55 AM	Gathering certificates
12/10/2015 10:21:55 AM	Gathering asymmetric keys
12/10/2015 10:21:55 AM	Gathering symmetric keys
12/10/2015 10:21:55 AM	Gathering encrypted symmetric keys
12/10/2015 10:21:55 AM	Gathering schemas
12/10/2015 10:21:55 AM	Gathering XML schema collections
12/10/2015 10:21:55 AM	Gathering user-defined data types
12/10/2015 10:21:55 AM	Gathering user-defined types
12/10/2015 10:21:55 AM	Gathering table types
12/10/2015 10:21:55 AM	Gathering unique keys for table types
12/10/2015 10:21:55 AM	Gathering primary keys for table types
12/10/2015 10:21:55 AM	Gathering check constraints for table types
12/10/2015 10:21:55 AM	Gathering default constraints for table types
12/10/2015 10:21:55 AM	Gathering partition functions
12/10/2015 10:21:55 AM	Gathering partition schemes
12/10/2015 10:21:55 AM	Gathering functions
12/10/2015 10:21:55 AM	Gathering encrypted functions
12/10/2015 10:21:55 AM	Gathering aggregates
12/10/2015 10:21:55 AM	Gathering procedures
12/10/2015 10:21:55 AM	Gathering encrypted procedures
12/10/2015 10:21:55 AM	Gathering tables
12/10/2015 10:21:55 AM	Gathering primary keys
12/10/2015 10:21:55 AM	Gathering unique constraints
12/10/2015 10:21:55 AM	Gathering foreign keys
12/10/2015 10:21:55 AM	Gathering default constraints
12/10/2015 10:21:55 AM	Gathering check constraints
12/10/2015 10:21:55 AM	Gathering views
12/10/2015 10:21:55 AM	Gathering encrypted views
12/10/2015 10:21:55 AM	Gathering indexes
12/10/2015 10:21:55 AM	Gathering statistics
12/10/2015 10:21:55 AM	Gathering full-text index stoplists
12/10/2015 10:21:55 AM	Gathering full-text indexes
12/10/2015 10:21:55 AM	Gathering spatial indexes
12/10/2015 10:21:55 AM	Gathering XML indexes
12/10/2015 10:21:55 AM	Gathering encrypted triggers
12/10/2015 10:21:55 AM	Gathering triggers
12/10/2015 10:21:55 AM	Gathering encrypted and clr ddl triggers
12/10/2015 10:21:56 AM	Gathering ddl triggers
12/10/2015 10:21:56 AM	Gathering synonyms
12/10/2015 10:21:56 AM	Gathering defaults
12/10/2015 10:21:56 AM	Gathering data constraint uddt bindings
12/10/2015 10:21:56 AM	Gathering rules
12/10/2015 10:21:56 AM	Gathering data constraint uddt bindings
12/10/2015 10:21:56 AM	Gathering message types
12/10/2015 10:21:56 AM	Gathering queues
12/10/2015 10:21:56 AM	Gathering contracts
12/10/2015 10:21:56 AM	Gathering services
12/10/2015 10:21:56 AM	Gathering event notifications
12/10/2015 10:21:56 AM	Gathering remote service bindings
12/10/2015 10:21:56 AM	Gathering broker priorities
12/10/2015 10:21:56 AM	Gathering signatures
12/10/2015 10:21:56 AM	Gathering data compression options
12/10/2015 10:21:56 AM	Gathering database permissions
12/10/2015 10:21:56 AM	Gathering extended properties
12/10/2015 10:21:56 AM	Gathering credentials
12/10/2015 10:21:56 AM	Gathering logins
12/10/2015 10:21:56 AM	Gathering server audits
12/10/2015 10:21:57 AM	Scanning project for duplicate elements
12/10/2015 10:21:57 AM	Finished duplicate element processing
12/10/2015 10:21:57 AM	Finished importing database.
12/10/2015 10:21:57 AM	A summary of the import was saved to the following location: C:\Users\sgundapu\Documents\Visual Studio 2013\Projects\Employee\Employee\EmployeeDB\Import Schema Logs\EmployeeDB_20151210045151.log
12/10/2015 10:21:57 AM	Click Finish to continue...
